app/build/intermediates/manifest_merge_blame_file/debug/manifest-merger-blame-debug-report.txt
1<?xml version="1.0" encoding="utf-8"?>
2<manifest xmlns:android="http://schemas.android.com/apk/res/android"
3    package="com.raywenderlich.android.words"
4    android:versionCode="1"
5    android:versionName="1.0" >
6
7    <uses-sdk
8        android:minSdkVersion="24"
8-->src\main\AndroidManifest.xml
9        android:targetSdkVersion="30" />
9-->src\main\AndroidManifest.xml
10
11    <uses-permission android:name="android.permission.INTERNET" />
11-->src\main\AndroidManifest.xml:7:3-65
11-->src\main\AndroidManifest.xml:7:20-62
12
13    <application
13-->src\main\AndroidManifest.xml:9:3-27:17
14        android:name="com.ist.android.words.WordsApp"
14-->src\main\AndroidManifest.xml:10:5-29
15        android:allowBackup="false"
15-->src\main\AndroidManifest.xml:11:5-32
16        android:appComponentFactory="androidx.core.app.CoreComponentFactory"
16-->[androidx.core:core:1.7.0-alpha01] AndroidManifest.xml:24:18-86
17        android:debuggable="true"
18        android:extractNativeLibs="false"
19        android:icon="@mipmap/ic_launcher"
19-->src\main\AndroidManifest.xml:12:5-39
20        android:label="@string/app_name"
20-->src\main\AndroidManifest.xml:13:5-37
21        android:supportsRtl="true"
21-->src\main\AndroidManifest.xml:14:5-31
22        android:theme="@style/Theme.AppCompat.DayNight.NoActionBar" >
22-->src\main\AndroidManifest.xml:15:5-64
23        <activity
23-->src\main\AndroidManifest.xml:16:5-26:16
24            android:name="com.ist.android.words.MainActivity"
24-->src\main\AndroidManifest.xml:17:7-34
25            android:exported="true"
25-->src\main\AndroidManifest.xml:18:7-30
26            android:label="@string/app_name"
26-->src\main\AndroidManifest.xml:19:7-39
27            android:theme="@style/Theme.AppCompat.DayNight.NoActionBar" >
27-->src\main\AndroidManifest.xml:20:7-66
28            <intent-filter>
28-->src\main\AndroidManifest.xml:21:7-25:23
29                <action android:name="android.intent.action.MAIN" />
29-->src\main\AndroidManifest.xml:22:9-61
29-->src\main\AndroidManifest.xml:22:17-58
30
31                <category android:name="android.intent.category.LAUNCHER" />
31-->src\main\AndroidManifest.xml:24:9-69
31-->src\main\AndroidManifest.xml:24:19-66
32            </intent-filter>
33        </activity>
34        <activity
34-->[androidx.compose.ui:ui-tooling:1.0.1] AndroidManifest.xml:25:9-27:39
35            android:name="androidx.compose.ui.tooling.PreviewActivity"
35-->[androidx.compose.ui:ui-tooling:1.0.1] AndroidManifest.xml:26:13-71
36            android:exported="true" />
36-->[androidx.compose.ui:ui-tooling:1.0.1] AndroidManifest.xml:27:13-36
37
38        <service
38-->[androidx.room:room-runtime:2.4.0-alpha04] AndroidManifest.xml:25:9-28:40
39            android:name="androidx.room.MultiInstanceInvalidationService"
39-->[androidx.room:room-runtime:2.4.0-alpha04] AndroidManifest.xml:26:13-74
40            android:directBootAware="true"
40-->[androidx.room:room-runtime:2.4.0-alpha04] AndroidManifest.xml:27:13-43
41            android:exported="false" />
41-->[androidx.room:room-runtime:2.4.0-alpha04] AndroidManifest.xml:28:13-37
42
43        <provider
43-->[androidx.emoji2:emoji2:1.0.0-alpha03] AndroidManifest.xml:26:9-34:20
44            android:name="androidx.startup.InitializationProvider"
44-->[androidx.emoji2:emoji2:1.0.0-alpha03] AndroidManifest.xml:27:13-67
45            android:authorities="com.raywenderlich.android.words.androidx-startup"
45-->[androidx.emoji2:emoji2:1.0.0-alpha03] AndroidManifest.xml:28:13-68
46            android:exported="false" >
46-->[androidx.emoji2:emoji2:1.0.0-alpha03] AndroidManifest.xml:29:13-37
47            <meta-data
47-->[androidx.emoji2:emoji2:1.0.0-alpha03] AndroidManifest.xml:31:13-33:52
48                android:name="androidx.emoji2.text.EmojiCompatInitializer"
48-->[androidx.emoji2:emoji2:1.0.0-alpha03] AndroidManifest.xml:32:17-75
49                android:value="androidx.startup" />
49-->[androidx.emoji2:emoji2:1.0.0-alpha03] AndroidManifest.xml:33:17-49
50            <meta-data
50-->[androidx.profileinstaller:profileinstaller:1.0.1] AndroidManifest.xml:31:13-33:52
51                android:name="androidx.profileinstaller.ProfileInstallerInitializer"
51-->[androidx.profileinstaller:profileinstaller:1.0.1] AndroidManifest.xml:32:17-85
52                android:value="androidx.startup" />
52-->[androidx.profileinstaller:profileinstaller:1.0.1] AndroidManifest.xml:33:17-49
53            <meta-data
53-->[androidx.lifecycle:lifecycle-process:2.4.0-alpha02] AndroidManifest.xml:31:13-33:52
54                android:name="androidx.lifecycle.ProcessLifecycleInitializer"
54-->[androidx.lifecycle:lifecycle-process:2.4.0-alpha02] AndroidManifest.xml:32:17-78
55                android:value="androidx.startup" />
55-->[androidx.lifecycle:lifecycle-process:2.4.0-alpha02] AndroidManifest.xml:33:17-49
56        </provider>
57
58        <receiver
58-->[androidx.profileinstaller:profileinstaller:1.0.1] AndroidManifest.xml:36:9-45:20
59            android:name="androidx.profileinstaller.ProfileInstallReceiver"
59-->[androidx.profileinstaller:profileinstaller:1.0.1] AndroidManifest.xml:37:13-76
60            android:directBootAware="false"
60-->[androidx.profileinstaller:profileinstaller:1.0.1] AndroidManifest.xml:38:13-44
61            android:enabled="true"
61-->[androidx.profileinstaller:profileinstaller:1.0.1] AndroidManifest.xml:39:13-35
62            android:exported="true"
62-->[androidx.profileinstaller:profileinstaller:1.0.1] AndroidManifest.xml:40:13-36
63            android:permission="android.permission.DUMP" >
63-->[androidx.profileinstaller:profileinstaller:1.0.1] AndroidManifest.xml:41:13-57
64            <intent-filter>
64-->[androidx.profileinstaller:profileinstaller:1.0.1] AndroidManifest.xml:42:13-44:29
65                <action android:name="androidx.profileinstaller.action.INSTALL_PROFILE" />
65-->[androidx.profileinstaller:profileinstaller:1.0.1] AndroidManifest.xml:43:17-91
65-->[androidx.profileinstaller:profileinstaller:1.0.1] AndroidManifest.xml:43:25-88
66            </intent-filter>
67        </receiver>
68    </application>
69
70</manifest>